<?xml version="1.0" encoding="UTF-8" ?>
<testsuite errors="0" failures="1" hostname="devhost" name="es.uvigo.esei.dai.hybridserver.HybridServerFirstReleaseTestSuite" skipped="0" tests="1" time="0.054" timestamp="2017-10-21T13:25:26">
  <properties>
[...]
</properties>
  <testcase classname="junit.framework.TestSuite$1" name="warning" time="0.002">
    <failure message="No tests found in es.uvigo.esei.dai.hybridserver.HybridServerFirstReleaseTestSuite" type="junit.framework.AssertionFailedError">junit.framework.AssertionFailedError: No tests found in es.uvigo.esei.dai.hybridserver.HybridServerFirstReleaseTestSuite
</failure>
  </testcase>
  <system-out><![CDATA[]]></system-out>
  <system-err><![CDATA[]]></system-err>
</testsuite>
